{"E:\\projects\\elmo\\backend\\src\\config.ts": {"path":"E:\\projects\\elmo\\backend\\src\\config.ts","statementMap":{"0":{"start":{"line":1,"column":13},"end":{"line":9,"column":null}},"1":{"start":{"line":11,"column":0},"end":{"line":11,"column":null}}},"fnMap":{},"branchMap":{},"s":{"0":2,"1":2},"f":{},"b":{}}
,"E:\\projects\\elmo\\backend\\src\\controllers\\tweets.ts": {"path":"E:\\projects\\elmo\\backend\\src\\controllers\\tweets.ts","statementMap":{"0":{"start":{"line":1,"column":0},"end":{"line":1,"column":30}},"1":{"start":{"line":2,"column":0},"end":{"line":2,"column":42}},"2":{"start":{"line":9,"column":0},"end":{"line":9,"column":13}},"3":{"start":{"line":18,"column":11},"end":{"line":18,"column":42}},"4":{"start":{"line":21,"column":11},"end":{"line":47,"column":null}},"5":{"start":{"line":22,"column":8},"end":{"line":46,"column":11}},"6":{"start":{"line":23,"column":12},"end":{"line":25,"column":null}},"7":{"start":{"line":24,"column":16},"end":{"line":24,"column":null}},"8":{"start":{"line":26,"column":26},"end":{"line":26,"column":45}},"9":{"start":{"line":27,"column":24},"end":{"line":27,"column":41}},"10":{"start":{"line":28,"column":33},"end":{"line":28,"column":35}},"11":{"start":{"line":30,"column":12},"end":{"line":34,"column":null}},"12":{"start":{"line":31,"column":16},"end":{"line":31,"column":55}},"13":{"start":{"line":33,"column":16},"end":{"line":33,"column":null}},"14":{"start":{"line":35,"column":12},"end":{"line":37,"column":null}},"15":{"start":{"line":36,"column":16},"end":{"line":36,"column":68}},"16":{"start":{"line":39,"column":22},"end":{"line":39,"column":58}},"17":{"start":{"line":40,"column":12},"end":{"line":44,"column":null}},"18":{"start":{"line":42,"column":20},"end":{"line":42,"column":61}},"19":{"start":{"line":44,"column":32},"end":{"line":44,"column":74}},"20":{"start":{"line":11,"column":12},"end":{"line":16,"column":null}},"21":{"start":{"line":12,"column":8},"end":{"line":14,"column":null}},"22":{"start":{"line":13,"column":12},"end":{"line":13,"column":null}},"23":{"start":{"line":15,"column":8},"end":{"line":15,"column":null}},"24":{"start":{"line":48,"column":0},"end":{"line":48,"column":null}},"25":{"start":{"line":9,"column":13},"end":{"line":9,"column":18}}},"fnMap":{"0":{"name":"(anonymous_1)","decl":{"start":{"line":9,"column":0},"end":{"line":9,"column":13}},"loc":{"start":{"line":9,"column":0},"end":{"line":48,"column":null}}},"1":{"name":"(anonymous_3)","decl":{"start":{"line":21,"column":23},"end":{"line":21,"column":24}},"loc":{"start":{"line":21,"column":49},"end":{"line":47,"column":5}}},"2":{"name":"(anonymous_4)","decl":{"start":{"line":22,"column":27},"end":{"line":22,"column":28}},"loc":{"start":{"line":22,"column":43},"end":{"line":46,"column":9}}},"3":{"name":"(anonymous_5)","decl":{"start":{"line":41,"column":22},"end":{"line":41,"column":26}},"loc":{"start":{"line":41,"column":26},"end":{"line":43,"column":17}}},"4":{"name":"(anonymous_6)","decl":{"start":{"line":44,"column":23},"end":{"line":44,"column":28}},"loc":{"start":{"line":44,"column":28},"end":{"line":44,"column":38}}},"5":{"name":"(anonymous_7)","decl":{"start":{"line":11,"column":4},"end":{"line":11,"column":12}},"loc":{"start":{"line":11,"column":57},"end":{"line":16,"column":5}}}},"branchMap":{"0":{"loc":{"start":{"line":23,"column":12},"end":{"line":25,"column":null}},"type":"if","locations":[{"start":{"line":23,"column":12},"end":{"line":25,"column":null}},{"start":{"line":23,"column":12},"end":{"line":25,"column":null}}]},"1":{"loc":{"start":{"line":30,"column":12},"end":{"line":34,"column":null}},"type":"if","locations":[{"start":{"line":30,"column":12},"end":{"line":34,"column":null}},{"start":{"line":30,"column":12},"end":{"line":34,"column":null}}]},"2":{"loc":{"start":{"line":35,"column":12},"end":{"line":37,"column":null}},"type":"if","locations":[{"start":{"line":35,"column":12},"end":{"line":37,"column":null}},{"start":{"line":35,"column":12},"end":{"line":37,"column":null}}]},"3":{"loc":{"start":{"line":12,"column":8},"end":{"line":14,"column":null}},"type":"if","locations":[{"start":{"line":12,"column":8},"end":{"line":14,"column":null}},{"start":{"line":12,"column":8},"end":{"line":14,"column":null}}]}},"s":{"0":1,"1":1,"2":5,"3":4,"4":4,"5":4,"6":4,"7":1,"8":4,"9":4,"10":4,"11":4,"12":3,"13":1,"14":4,"15":3,"16":4,"17":4,"18":2,"19":1,"20":1,"21":4,"22":3,"23":1,"24":1,"25":1},"f":{"0":5,"1":4,"2":4,"3":2,"4":1,"5":4},"b":{"0":[1,3],"1":[3,1],"2":[3,1],"3":[3,1]}}
,"E:\\projects\\elmo\\backend\\src\\controllers\\twitterApi.ts": {"path":"E:\\projects\\elmo\\backend\\src\\controllers\\twitterApi.ts","statementMap":{"0":{"start":{"line":1,"column":0},"end":{"line":1,"column":30}},"1":{"start":{"line":2,"column":12},"end":{"line":2,"column":28}},"2":{"start":{"line":4,"column":0},"end":{"line":4,"column":13}},"3":{"start":{"line":6,"column":12},"end":{"line":6,"column":44}},"4":{"start":{"line":7,"column":12},"end":{"line":7,"column":50}},"5":{"start":{"line":8,"column":12},"end":{"line":8,"column":33}},"6":{"start":{"line":9,"column":12},"end":{"line":9,"column":40}},"7":{"start":{"line":11,"column":11},"end":{"line":35,"column":6}},"8":{"start":{"line":12,"column":8},"end":{"line":34,"column":11}},"9":{"start":{"line":13,"column":24},"end":{"line":20,"column":null}},"10":{"start":{"line":23,"column":12},"end":{"line":33,"column":19}},"11":{"start":{"line":28,"column":20},"end":{"line":32,"column":null}},"12":{"start":{"line":29,"column":24},"end":{"line":29,"column":38}},"13":{"start":{"line":31,"column":24},"end":{"line":31,"column":50}},"14":{"start":{"line":36,"column":0},"end":{"line":36,"column":null}},"15":{"start":{"line":4,"column":13},"end":{"line":4,"column":23}}},"fnMap":{"0":{"name":"(anonymous_1)","decl":{"start":{"line":4,"column":0},"end":{"line":4,"column":13}},"loc":{"start":{"line":4,"column":0},"end":{"line":36,"column":null}}},"1":{"name":"(anonymous_3)","decl":{"start":{"line":11,"column":17},"end":{"line":11,"column":21}},"loc":{"start":{"line":11,"column":36},"end":{"line":35,"column":5}}},"2":{"name":"(anonymous_4)","decl":{"start":{"line":12,"column":27},"end":{"line":12,"column":28}},"loc":{"start":{"line":12,"column":43},"end":{"line":34,"column":9}}},"3":{"name":"(anonymous_5)","decl":{"start":{"line":27,"column":16},"end":{"line":27,"column":26}},"loc":{"start":{"line":27,"column":47},"end":{"line":33,"column":17}}}},"branchMap":{"0":{"loc":{"start":{"line":28,"column":20},"end":{"line":32,"column":null}},"type":"if","locations":[{"start":{"line":28,"column":20},"end":{"line":32,"column":null}},{"start":{"line":28,"column":20},"end":{"line":32,"column":null}}]}},"s":{"0":2,"1":2,"2":14,"3":12,"4":12,"5":12,"6":12,"7":12,"8":9,"9":9,"10":9,"11":7,"12":3,"13":4,"14":2,"15":2},"f":{"0":14,"1":9,"2":9,"3":7},"b":{"0":[3,4]}}
,"E:\\projects\\elmo\\backend\\src\\controllers\\users.ts": {"path":"E:\\projects\\elmo\\backend\\src\\controllers\\users.ts","statementMap":{"0":{"start":{"line":1,"column":0},"end":{"line":1,"column":30}},"1":{"start":{"line":2,"column":0},"end":{"line":2,"column":42}},"2":{"start":{"line":10,"column":0},"end":{"line":10,"column":13}},"3":{"start":{"line":12,"column":11},"end":{"line":12,"column":42}},"4":{"start":{"line":15,"column":11},"end":{"line":31,"column":null}},"5":{"start":{"line":16,"column":8},"end":{"line":30,"column":11}},"6":{"start":{"line":18,"column":12},"end":{"line":20,"column":null}},"7":{"start":{"line":19,"column":16},"end":{"line":19,"column":null}},"8":{"start":{"line":21,"column":30},"end":{"line":21,"column":67}},"9":{"start":{"line":23,"column":12},"end":{"line":23,"column":null}},"10":{"start":{"line":24,"column":12},"end":{"line":29,"column":null}},"11":{"start":{"line":27,"column":20},"end":{"line":27,"column":68}},"12":{"start":{"line":29,"column":32},"end":{"line":29,"column":74}},"13":{"start":{"line":41,"column":11},"end":{"line":70,"column":null}},"14":{"start":{"line":42,"column":8},"end":{"line":69,"column":11}},"15":{"start":{"line":43,"column":12},"end":{"line":45,"column":null}},"16":{"start":{"line":44,"column":16},"end":{"line":44,"column":null}},"17":{"start":{"line":46,"column":20},"end":{"line":46,"column":30}},"18":{"start":{"line":47,"column":23},"end":{"line":47,"column":33}},"19":{"start":{"line":48,"column":24},"end":{"line":48,"column":35}},"20":{"start":{"line":49,"column":27},"end":{"line":49,"column":29}},"21":{"start":{"line":51,"column":12},"end":{"line":55,"column":null}},"22":{"start":{"line":52,"column":16},"end":{"line":52,"column":37}},"23":{"start":{"line":54,"column":16},"end":{"line":54,"column":null}},"24":{"start":{"line":56,"column":12},"end":{"line":58,"column":null}},"25":{"start":{"line":57,"column":16},"end":{"line":57,"column":54}},"26":{"start":{"line":59,"column":12},"end":{"line":61,"column":null}},"27":{"start":{"line":60,"column":16},"end":{"line":60,"column":56}},"28":{"start":{"line":63,"column":22},"end":{"line":63,"column":53}},"29":{"start":{"line":64,"column":12},"end":{"line":68,"column":null}},"30":{"start":{"line":66,"column":20},"end":{"line":66,"column":61}},"31":{"start":{"line":68,"column":32},"end":{"line":68,"column":74}},"32":{"start":{"line":33,"column":12},"end":{"line":38,"column":null}},"33":{"start":{"line":34,"column":8},"end":{"line":36,"column":null}},"34":{"start":{"line":35,"column":12},"end":{"line":35,"column":null}},"35":{"start":{"line":37,"column":8},"end":{"line":37,"column":null}},"36":{"start":{"line":71,"column":0},"end":{"line":71,"column":null}},"37":{"start":{"line":10,"column":13},"end":{"line":10,"column":17}}},"fnMap":{"0":{"name":"(anonymous_1)","decl":{"start":{"line":10,"column":0},"end":{"line":10,"column":13}},"loc":{"start":{"line":10,"column":0},"end":{"line":71,"column":null}}},"1":{"name":"(anonymous_3)","decl":{"start":{"line":15,"column":24},"end":{"line":15,"column":25}},"loc":{"start":{"line":15,"column":35},"end":{"line":31,"column":5}}},"2":{"name":"(anonymous_4)","decl":{"start":{"line":16,"column":27},"end":{"line":16,"column":28}},"loc":{"start":{"line":16,"column":43},"end":{"line":30,"column":9}}},"3":{"name":"(anonymous_5)","decl":{"start":{"line":25,"column":22},"end":{"line":25,"column":26}},"loc":{"start":{"line":25,"column":26},"end":{"line":28,"column":17}}},"4":{"name":"(anonymous_6)","decl":{"start":{"line":29,"column":23},"end":{"line":29,"column":28}},"loc":{"start":{"line":29,"column":28},"end":{"line":29,"column":38}}},"5":{"name":"(anonymous_7)","decl":{"start":{"line":41,"column":28},"end":{"line":41,"column":29}},"loc":{"start":{"line":41,"column":46},"end":{"line":70,"column":5}}},"6":{"name":"(anonymous_8)","decl":{"start":{"line":42,"column":27},"end":{"line":42,"column":28}},"loc":{"start":{"line":42,"column":43},"end":{"line":69,"column":9}}},"7":{"name":"(anonymous_9)","decl":{"start":{"line":65,"column":22},"end":{"line":65,"column":26}},"loc":{"start":{"line":65,"column":26},"end":{"line":67,"column":17}}},"8":{"name":"(anonymous_10)","decl":{"start":{"line":68,"column":23},"end":{"line":68,"column":28}},"loc":{"start":{"line":68,"column":28},"end":{"line":68,"column":38}}},"9":{"name":"(anonymous_11)","decl":{"start":{"line":33,"column":4},"end":{"line":33,"column":12}},"loc":{"start":{"line":33,"column":52},"end":{"line":38,"column":5}}}},"branchMap":{"0":{"loc":{"start":{"line":18,"column":12},"end":{"line":20,"column":null}},"type":"if","locations":[{"start":{"line":18,"column":12},"end":{"line":20,"column":null}},{"start":{"line":18,"column":12},"end":{"line":20,"column":null}}]},"1":{"loc":{"start":{"line":43,"column":12},"end":{"line":45,"column":null}},"type":"if","locations":[{"start":{"line":43,"column":12},"end":{"line":45,"column":null}},{"start":{"line":43,"column":12},"end":{"line":45,"column":null}}]},"2":{"loc":{"start":{"line":51,"column":12},"end":{"line":55,"column":null}},"type":"if","locations":[{"start":{"line":51,"column":12},"end":{"line":55,"column":null}},{"start":{"line":51,"column":12},"end":{"line":55,"column":null}}]},"3":{"loc":{"start":{"line":56,"column":12},"end":{"line":58,"column":null}},"type":"if","locations":[{"start":{"line":56,"column":12},"end":{"line":58,"column":null}},{"start":{"line":56,"column":12},"end":{"line":58,"column":null}}]},"4":{"loc":{"start":{"line":59,"column":12},"end":{"line":61,"column":null}},"type":"if","locations":[{"start":{"line":59,"column":12},"end":{"line":61,"column":null}},{"start":{"line":59,"column":12},"end":{"line":61,"column":null}}]},"5":{"loc":{"start":{"line":34,"column":8},"end":{"line":36,"column":null}},"type":"if","locations":[{"start":{"line":34,"column":8},"end":{"line":36,"column":null}},{"start":{"line":34,"column":8},"end":{"line":36,"column":null}}]}},"s":{"0":1,"1":1,"2":9,"3":8,"4":8,"5":4,"6":4,"7":1,"8":4,"9":4,"10":4,"11":1,"12":3,"13":8,"14":4,"15":4,"16":1,"17":4,"18":4,"19":4,"20":4,"21":4,"22":3,"23":1,"24":4,"25":3,"26":4,"27":3,"28":4,"29":4,"30":1,"31":2,"32":1,"33":4,"34":3,"35":1,"36":1,"37":1},"f":{"0":9,"1":4,"2":4,"3":1,"4":3,"5":4,"6":4,"7":1,"8":2,"9":4},"b":{"0":[1,3],"1":[1,3],"2":[3,1],"3":[3,1],"4":[3,1],"5":[3,1]}}
}
