TN:
SF:E:\projects\elmo\backend\src\config.ts
FNF:0
FNH:0
DA:1,2
DA:11,2
LF:2
LH:2
BRF:0
BRH:0
end_of_record
TN:
SF:E:\projects\elmo\backend\src\controllers\tweets.ts
FN:9,(anonymous_1)
FN:21,(anonymous_3)
FN:22,(anonymous_4)
FN:41,(anonymous_5)
FN:44,(anonymous_6)
FN:11,(anonymous_7)
FNF:6
FNH:6
FNDA:5,(anonymous_1)
FNDA:4,(anonymous_3)
FNDA:4,(anonymous_4)
FNDA:2,(anonymous_5)
FNDA:1,(anonymous_6)
FNDA:4,(anonymous_7)
DA:1,1
DA:2,1
DA:9,5
DA:11,1
DA:12,4
DA:13,3
DA:15,1
DA:18,4
DA:21,4
DA:22,4
DA:23,4
DA:24,1
DA:26,4
DA:27,4
DA:28,4
DA:30,4
DA:31,3
DA:33,1
DA:35,4
DA:36,3
DA:39,4
DA:40,4
DA:42,2
DA:44,1
DA:48,1
LF:25
LH:25
BRDA:23,0,0,1
BRDA:23,0,1,3
BRDA:30,1,0,3
BRDA:30,1,1,1
BRDA:35,2,0,3
BRDA:35,2,1,1
BRDA:12,3,0,3
BRDA:12,3,1,1
BRF:8
BRH:8
end_of_record
TN:
SF:E:\projects\elmo\backend\src\controllers\twitterApi.ts
FN:4,(anonymous_1)
FN:11,(anonymous_3)
FN:12,(anonymous_4)
FN:27,(anonymous_5)
FNF:4
FNH:4
FNDA:14,(anonymous_1)
FNDA:9,(anonymous_3)
FNDA:9,(anonymous_4)
FNDA:7,(anonymous_5)
DA:1,2
DA:2,2
DA:4,14
DA:6,12
DA:7,12
DA:8,12
DA:9,12
DA:11,12
DA:12,9
DA:13,9
DA:23,9
DA:28,7
DA:29,3
DA:31,4
DA:36,2
LF:15
LH:15
BRDA:28,0,0,3
BRDA:28,0,1,4
BRF:2
BRH:2
end_of_record
TN:
SF:E:\projects\elmo\backend\src\controllers\users.ts
FN:10,(anonymous_1)
FN:15,(anonymous_3)
FN:16,(anonymous_4)
FN:25,(anonymous_5)
FN:29,(anonymous_6)
FN:41,(anonymous_7)
FN:42,(anonymous_8)
FN:65,(anonymous_9)
FN:68,(anonymous_10)
FN:33,(anonymous_11)
FNF:10
FNH:10
FNDA:9,(anonymous_1)
FNDA:4,(anonymous_3)
FNDA:4,(anonymous_4)
FNDA:1,(anonymous_5)
FNDA:3,(anonymous_6)
FNDA:4,(anonymous_7)
FNDA:4,(anonymous_8)
FNDA:1,(anonymous_9)
FNDA:2,(anonymous_10)
FNDA:4,(anonymous_11)
DA:1,1
DA:2,1
DA:10,9
DA:12,8
DA:15,8
DA:16,4
DA:18,4
DA:19,1
DA:21,4
DA:23,4
DA:24,4
DA:27,1
DA:29,3
DA:33,1
DA:34,4
DA:35,3
DA:37,1
DA:41,8
DA:42,4
DA:43,4
DA:44,1
DA:46,4
DA:47,4
DA:48,4
DA:49,4
DA:51,4
DA:52,3
DA:54,1
DA:56,4
DA:57,3
DA:59,4
DA:60,3
DA:63,4
DA:64,4
DA:66,1
DA:68,2
DA:71,1
LF:37
LH:37
BRDA:18,0,0,1
BRDA:18,0,1,3
BRDA:43,1,0,1
BRDA:43,1,1,3
BRDA:51,2,0,3
BRDA:51,2,1,1
BRDA:56,3,0,3
BRDA:56,3,1,1
BRDA:59,4,0,3
BRDA:59,4,1,1
BRDA:34,5,0,3
BRDA:34,5,1,1
BRF:12
BRH:12
end_of_record
